<?xml version="1.0" encoding="UTF-8"?>
<testng-results skipped="0" failed="2" ignored="0" total="10" passed="8">
  <reporter-output>
    <line>
      <![CDATA[element is present]]>
    </line>
    <line>
      <![CDATA[element is present]]>
    </line>
    <line>
      <![CDATA[element is present]]>
    </line>
    <line>
      <![CDATA[element is present]]>
    </line>
    <line>
      <![CDATA[element is present]]>
    </line>
    <line>
      <![CDATA[element is present]]>
    </line>
    <line>
      <![CDATA[element is present]]>
    </line>
    <line>
      <![CDATA[element is present]]>
    </line>
    <line>
      <![CDATA[element is present]]>
    </line>
    <line>
      <![CDATA[element is present]]>
    </line>
    <line>
      <![CDATA[element is present]]>
    </line>
    <line>
      <![CDATA[element is present]]>
    </line>
    <line>
      <![CDATA[element is present]]>
    </line>
    <line>
      <![CDATA[element is present]]>
    </line>
    <line>
      <![CDATA[element is present]]>
    </line>
    <line>
      <![CDATA[element is present]]>
    </line>
    <line>
      <![CDATA[element is present]]>
    </line>
    <line>
      <![CDATA[element is present]]>
    </line>
    <line>
      <![CDATA[element is present]]>
    </line>
    <line>
      <![CDATA[element is present]]>
    </line>
    <line>
      <![CDATA[element is present]]>
    </line>
    <line>
      <![CDATA[element is not present]]>
    </line>
    <line>
      <![CDATA[element is present]]>
    </line>
    <line>
      <![CDATA[element is present]]>
    </line>
    <line>
      <![CDATA[element is present]]>
    </line>
    <line>
      <![CDATA[element is present]]>
    </line>
    <line>
      <![CDATA[element is present]]>
    </line>
    <line>
      <![CDATA[element is present]]>
    </line>
    <line>
      <![CDATA[element is present]]>
    </line>
  </reporter-output>
  <suite name="Default suite" duration-ms="696785" started-at="2018-06-25T07:49:15Z" finished-at="2018-06-25T08:00:51Z">
    <groups>
    </groups>
    <test name="Default test" duration-ms="696785" started-at="2018-06-25T07:49:15Z" finished-at="2018-06-25T08:00:51Z">
      <class name="script.Facebook_tc2">
        <test-method status="PASS" signature="openapp()[pri:0, instance:script.Facebook_tc2@2173f6d9]" name="openapp" is-config="true" duration-ms="45858" started-at="2018-06-25T07:49:15Z" finished-at="2018-06-25T07:50:00Z">
          <reporter-output>
          </reporter-output>
        </test-method> <!-- openapp -->
        <test-method status="PASS" signature="test()[pri:0, instance:script.Facebook_tc2@2173f6d9]" name="test" duration-ms="107055" started-at="2018-06-25T07:50:00Z" finished-at="2018-06-25T07:51:47Z">
          <reporter-output>
            <line>
              <![CDATA[element is present]]>
            </line>
            <line>
              <![CDATA[element is present]]>
            </line>
            <line>
              <![CDATA[element is present]]>
            </line>
          </reporter-output>
        </test-method> <!-- test -->
        <test-method status="PASS" signature="closeapp()[pri:0, instance:script.Facebook_tc2@2173f6d9]" name="closeapp" is-config="true" duration-ms="8116" started-at="2018-06-25T07:51:47Z" finished-at="2018-06-25T07:51:56Z">
          <reporter-output>
          </reporter-output>
        </test-method> <!-- closeapp -->
      </class> <!-- script.Facebook_tc2 -->
      <class name="script.Facebook_tc4">
        <test-method status="PASS" signature="openapp()[pri:0, instance:script.Facebook_tc4@307f6b8c]" name="openapp" is-config="true" duration-ms="13689" started-at="2018-06-25T07:51:56Z" finished-at="2018-06-25T07:52:09Z">
          <reporter-output>
          </reporter-output>
        </test-method> <!-- openapp -->
        <test-method status="PASS" signature="action()[pri:0, instance:script.Facebook_tc4@307f6b8c]" name="action" duration-ms="38658" started-at="2018-06-25T07:52:09Z" finished-at="2018-06-25T07:52:48Z">
          <reporter-output>
            <line>
              <![CDATA[element is present]]>
            </line>
            <line>
              <![CDATA[element is present]]>
            </line>
            <line>
              <![CDATA[element is present]]>
            </line>
          </reporter-output>
        </test-method> <!-- action -->
        <test-method status="PASS" signature="closeapp()[pri:0, instance:script.Facebook_tc4@307f6b8c]" name="closeapp" is-config="true" duration-ms="2561" started-at="2018-06-25T07:52:48Z" finished-at="2018-06-25T07:52:50Z">
          <reporter-output>
          </reporter-output>
        </test-method> <!-- closeapp -->
      </class> <!-- script.Facebook_tc4 -->
      <class name="script.Facebook_tc3">
        <test-method status="PASS" signature="openapp()[pri:0, instance:script.Facebook_tc3@7a187f14]" name="openapp" is-config="true" duration-ms="27673" started-at="2018-06-25T07:52:50Z" finished-at="2018-06-25T07:53:18Z">
          <reporter-output>
          </reporter-output>
        </test-method> <!-- openapp -->
        <test-method status="PASS" signature="test()[pri:0, instance:script.Facebook_tc3@7a187f14]" name="test" duration-ms="80100" started-at="2018-06-25T07:53:18Z" finished-at="2018-06-25T07:54:38Z">
          <reporter-output>
            <line>
              <![CDATA[element is present]]>
            </line>
            <line>
              <![CDATA[element is present]]>
            </line>
            <line>
              <![CDATA[element is present]]>
            </line>
            <line>
              <![CDATA[element is present]]>
            </line>
          </reporter-output>
        </test-method> <!-- test -->
        <test-method status="PASS" signature="closeapp()[pri:0, instance:script.Facebook_tc3@7a187f14]" name="closeapp" is-config="true" duration-ms="4157" started-at="2018-06-25T07:54:38Z" finished-at="2018-06-25T07:54:42Z">
          <reporter-output>
          </reporter-output>
        </test-method> <!-- closeapp -->
      </class> <!-- script.Facebook_tc3 -->
      <class name="script.Facebbok_endtoend_1">
        <test-method status="PASS" signature="openapp()[pri:0, instance:script.Facebbok_endtoend_1@51e2adc7]" name="openapp" is-config="true" duration-ms="13770" started-at="2018-06-25T07:55:21Z" finished-at="2018-06-25T07:55:35Z">
          <reporter-output>
          </reporter-output>
        </test-method> <!-- openapp -->
        <test-method status="PASS" signature="test()[pri:0, instance:script.Facebbok_endtoend_1@51e2adc7]" name="test" duration-ms="45952" started-at="2018-06-25T07:55:35Z" finished-at="2018-06-25T07:56:20Z">
          <reporter-output>
            <line>
              <![CDATA[element is present]]>
            </line>
            <line>
              <![CDATA[element is present]]>
            </line>
            <line>
              <![CDATA[element is present]]>
            </line>
          </reporter-output>
        </test-method> <!-- test -->
        <test-method status="PASS" signature="closeapp()[pri:0, instance:script.Facebbok_endtoend_1@51e2adc7]" name="closeapp" is-config="true" duration-ms="2513" started-at="2018-06-25T07:56:21Z" finished-at="2018-06-25T07:56:23Z">
          <reporter-output>
          </reporter-output>
        </test-method> <!-- closeapp -->
      </class> <!-- script.Facebbok_endtoend_1 -->
      <class name="script.Facebook_tc6">
        <test-method status="PASS" signature="openapp()[pri:0, instance:script.Facebook_tc6@6f195bc3]" name="openapp" is-config="true" duration-ms="12535" started-at="2018-06-25T07:54:42Z" finished-at="2018-06-25T07:54:55Z">
          <reporter-output>
          </reporter-output>
        </test-method> <!-- openapp -->
        <test-method status="PASS" signature="action()[pri:0, instance:script.Facebook_tc6@6f195bc3]" name="action" duration-ms="21914" started-at="2018-06-25T07:54:55Z" finished-at="2018-06-25T07:55:17Z">
          <reporter-output>
            <line>
              <![CDATA[element is present]]>
            </line>
            <line>
              <![CDATA[element is present]]>
            </line>
          </reporter-output>
        </test-method> <!-- action -->
        <test-method status="PASS" signature="closeapp()[pri:0, instance:script.Facebook_tc6@6f195bc3]" name="closeapp" is-config="true" duration-ms="3904" started-at="2018-06-25T07:55:17Z" finished-at="2018-06-25T07:55:21Z">
          <reporter-output>
          </reporter-output>
        </test-method> <!-- closeapp -->
      </class> <!-- script.Facebook_tc6 -->
      <class name="script.Facebook_tc5">
        <test-method status="PASS" signature="openapp()[pri:0, instance:script.Facebook_tc5@1a8a8f7c]" name="openapp" is-config="true" duration-ms="14663" started-at="2018-06-25T07:56:23Z" finished-at="2018-06-25T07:56:38Z">
          <reporter-output>
          </reporter-output>
        </test-method> <!-- openapp -->
        <test-method status="FAIL" signature="action()[pri:0, instance:script.Facebook_tc5@1a8a8f7c]" name="action" duration-ms="49658" started-at="2018-06-25T07:56:38Z" finished-at="2018-06-25T07:57:27Z">
          <exception class="org.openqa.selenium.NoSuchElementException">
            <message>
              <![CDATA[Unable to locate element: //a[.='Film']
For documentation on this error, please visit: http://seleniumhq.org/exceptions/no_such_element.html
Build info: version: '3.12.0', revision: '7c6e0b3', time: '2018-05-08T15:15:08.936Z'
System info: host: 'SHRUTI', ip: '192.168.142.1', os.name: 'Windows 8.1', os.arch: 'amd64', os.version: '6.3', java.version: '1.8.0_20-ea'
Driver info: org.openqa.selenium.firefox.FirefoxDriver
Capabilities {acceptInsecureCerts: true, browserName: firefox, browserVersion: 60.0.1, javascriptEnabled: true, moz:accessibilityChecks: false, moz:headless: false, moz:processID: 6872, moz:profile: C:\Users\Shruti Biradar\App..., moz:useNonSpecCompliantPointerOrigin: false, moz:webdriverClick: true, pageLoadStrategy: normal, platform: XP, platformName: XP, platformVersion: 10.0, rotatable: false, timeouts: {implicit: 0, pageLoad: 300000, script: 30000}}
Session ID: 9f123ebc-1a20-4636-9bfd-9248b7dcb508
*** Element info: {Using=xpath, value=//a[.='Film']}]]>
            </message>
            <full-stacktrace>
              <![CDATA[org.openqa.selenium.NoSuchElementException: Unable to locate element: //a[.='Film']
For documentation on this error, please visit: http://seleniumhq.org/exceptions/no_such_element.html
Build info: version: '3.12.0', revision: '7c6e0b3', time: '2018-05-08T15:15:08.936Z'
System info: host: 'SHRUTI', ip: '192.168.142.1', os.name: 'Windows 8.1', os.arch: 'amd64', os.version: '6.3', java.version: '1.8.0_20-ea'
Driver info: org.openqa.selenium.firefox.FirefoxDriver
Capabilities {acceptInsecureCerts: true, browserName: firefox, browserVersion: 60.0.1, javascriptEnabled: true, moz:accessibilityChecks: false, moz:headless: false, moz:processID: 6872, moz:profile: C:\Users\Shruti Biradar\App..., moz:useNonSpecCompliantPointerOrigin: false, moz:webdriverClick: true, pageLoadStrategy: normal, platform: XP, platformName: XP, platformVersion: 10.0, rotatable: false, timeouts: {implicit: 0, pageLoad: 300000, script: 30000}}
Session ID: 9f123ebc-1a20-4636-9bfd-9248b7dcb508
*** Element info: {Using=xpath, value=//a[.='Film']}
at sun.reflect.NativeConstructorAccessorImpl.newInstance0(Native Method)
at sun.reflect.NativeConstructorAccessorImpl.newInstance(NativeConstructorAccessorImpl.java:62)
at sun.reflect.DelegatingConstructorAccessorImpl.newInstance(DelegatingConstructorAccessorImpl.java:45)
at java.lang.reflect.Constructor.newInstance(Constructor.java:408)
at org.openqa.selenium.remote.http.W3CHttpResponseCodec.createException(W3CHttpResponseCodec.java:187)
at org.openqa.selenium.remote.http.W3CHttpResponseCodec.decode(W3CHttpResponseCodec.java:122)
at org.openqa.selenium.remote.http.W3CHttpResponseCodec.decode(W3CHttpResponseCodec.java:49)
at org.openqa.selenium.remote.HttpCommandExecutor.execute(HttpCommandExecutor.java:158)
at org.openqa.selenium.remote.service.DriverCommandExecutor.execute(DriverCommandExecutor.java:83)
at org.openqa.selenium.remote.RemoteWebDriver.execute(RemoteWebDriver.java:543)
at org.openqa.selenium.remote.RemoteWebDriver.findElement(RemoteWebDriver.java:317)
at org.openqa.selenium.remote.RemoteWebDriver.findElementByXPath(RemoteWebDriver.java:419)
at org.openqa.selenium.By$ByXPath.findElement(By.java:353)
at org.openqa.selenium.remote.RemoteWebDriver.findElement(RemoteWebDriver.java:309)
at org.openqa.selenium.support.pagefactory.DefaultElementLocator.findElement(DefaultElementLocator.java:69)
at org.openqa.selenium.support.pagefactory.internal.LocatingElementHandler.invoke(LocatingElementHandler.java:38)
at com.sun.proxy.$Proxy9.click(Unknown Source)
at pom.Eventpage.film(Eventpage.java:26)
at script.Facebook_tc5.action(Facebook_tc5.java:30)
at sun.reflect.NativeMethodAccessorImpl.invoke0(Native Method)
at sun.reflect.NativeMethodAccessorImpl.invoke(NativeMethodAccessorImpl.java:62)
at sun.reflect.DelegatingMethodAccessorImpl.invoke(DelegatingMethodAccessorImpl.java:43)
at java.lang.reflect.Method.invoke(Method.java:483)
at org.testng.internal.MethodInvocationHelper.invokeMethod(MethodInvocationHelper.java:124)
at org.testng.internal.Invoker.invokeMethod(Invoker.java:580)
at org.testng.internal.Invoker.invokeTestMethod(Invoker.java:716)
at org.testng.internal.Invoker.invokeTestMethods(Invoker.java:988)
at org.testng.internal.TestMethodWorker.invokeTestMethods(TestMethodWorker.java:125)
at org.testng.internal.TestMethodWorker.run(TestMethodWorker.java:109)
at org.testng.TestRunner.privateRun(TestRunner.java:648)
at org.testng.TestRunner.run(TestRunner.java:505)
at org.testng.SuiteRunner.runTest(SuiteRunner.java:455)
at org.testng.SuiteRunner.runSequentially(SuiteRunner.java:450)
at org.testng.SuiteRunner.privateRun(SuiteRunner.java:415)
at org.testng.SuiteRunner.run(SuiteRunner.java:364)
at org.testng.SuiteRunnerWorker.runSuite(SuiteRunnerWorker.java:52)
at org.testng.SuiteRunnerWorker.run(SuiteRunnerWorker.java:84)
at org.testng.TestNG.runSuitesSequentially(TestNG.java:1208)
at org.testng.TestNG.runSuitesLocally(TestNG.java:1137)
at org.testng.TestNG.runSuites(TestNG.java:1049)
at org.testng.TestNG.run(TestNG.java:1017)
at org.testng.remote.AbstractRemoteTestNG.run(AbstractRemoteTestNG.java:114)
at org.testng.remote.RemoteTestNG.initAndRun(RemoteTestNG.java:251)
at org.testng.remote.RemoteTestNG.main(RemoteTestNG.java:77)
]]>
            </full-stacktrace>
          </exception> <!-- org.openqa.selenium.NoSuchElementException -->
          <reporter-output>
            <line>
              <![CDATA[element is present]]>
            </line>
          </reporter-output>
        </test-method> <!-- action -->
        <test-method status="PASS" signature="closeapp()[pri:0, instance:script.Facebook_tc5@1a8a8f7c]" name="closeapp" is-config="true" duration-ms="3340" started-at="2018-06-25T07:57:27Z" finished-at="2018-06-25T07:57:31Z">
          <reporter-output>
          </reporter-output>
        </test-method> <!-- closeapp -->
      </class> <!-- script.Facebook_tc5 -->
      <class name="script.Facebook_tc8">
        <test-method status="PASS" signature="openapp()[pri:0, instance:script.Facebook_tc8@2353b3e6]" name="openapp" is-config="true" duration-ms="15949" started-at="2018-06-25T07:57:31Z" finished-at="2018-06-25T07:57:47Z">
          <reporter-output>
          </reporter-output>
        </test-method> <!-- openapp -->
        <test-method status="PASS" signature="action()[pri:0, instance:script.Facebook_tc8@2353b3e6]" name="action" duration-ms="29155" started-at="2018-06-25T07:57:47Z" finished-at="2018-06-25T07:58:16Z">
          <reporter-output>
            <line>
              <![CDATA[element is present]]>
            </line>
            <line>
              <![CDATA[element is present]]>
            </line>
            <line>
              <![CDATA[element is present]]>
            </line>
            <line>
              <![CDATA[element is present]]>
            </line>
          </reporter-output>
        </test-method> <!-- action -->
        <test-method status="PASS" signature="closeapp()[pri:0, instance:script.Facebook_tc8@2353b3e6]" name="closeapp" is-config="true" duration-ms="4560" started-at="2018-06-25T07:58:16Z" finished-at="2018-06-25T07:58:20Z">
          <reporter-output>
          </reporter-output>
        </test-method> <!-- closeapp -->
      </class> <!-- script.Facebook_tc8 -->
      <class name="script.Facebook_tc10">
        <test-method status="PASS" signature="openapp()[pri:0, instance:script.Facebook_tc10@631330c]" name="openapp" is-config="true" duration-ms="13179" started-at="2018-06-25T07:58:20Z" finished-at="2018-06-25T07:58:34Z">
          <reporter-output>
          </reporter-output>
        </test-method> <!-- openapp -->
        <test-method status="FAIL" signature="action()[pri:0, instance:script.Facebook_tc10@631330c]" name="action" duration-ms="58139" started-at="2018-06-25T07:58:34Z" finished-at="2018-06-25T07:59:32Z">
          <exception class="java.lang.AssertionError">
            <message>
              <![CDATA[null]]>
            </message>
            <full-stacktrace>
              <![CDATA[java.lang.AssertionError: null
at org.testng.Assert.fail(Assert.java:96)
at org.testng.Assert.fail(Assert.java:103)
at generic.Basepage.verifyelements(Basepage.java:24)
at pom.Homepage.setting1(Homepage.java:66)
at script.Facebook_tc10.action(Facebook_tc10.java:24)
at sun.reflect.NativeMethodAccessorImpl.invoke0(Native Method)
at sun.reflect.NativeMethodAccessorImpl.invoke(NativeMethodAccessorImpl.java:62)
at sun.reflect.DelegatingMethodAccessorImpl.invoke(DelegatingMethodAccessorImpl.java:43)
at java.lang.reflect.Method.invoke(Method.java:483)
at org.testng.internal.MethodInvocationHelper.invokeMethod(MethodInvocationHelper.java:124)
at org.testng.internal.Invoker.invokeMethod(Invoker.java:580)
at org.testng.internal.Invoker.invokeTestMethod(Invoker.java:716)
at org.testng.internal.Invoker.invokeTestMethods(Invoker.java:988)
at org.testng.internal.TestMethodWorker.invokeTestMethods(TestMethodWorker.java:125)
at org.testng.internal.TestMethodWorker.run(TestMethodWorker.java:109)
at org.testng.TestRunner.privateRun(TestRunner.java:648)
at org.testng.TestRunner.run(TestRunner.java:505)
at org.testng.SuiteRunner.runTest(SuiteRunner.java:455)
at org.testng.SuiteRunner.runSequentially(SuiteRunner.java:450)
at org.testng.SuiteRunner.privateRun(SuiteRunner.java:415)
at org.testng.SuiteRunner.run(SuiteRunner.java:364)
at org.testng.SuiteRunnerWorker.runSuite(SuiteRunnerWorker.java:52)
at org.testng.SuiteRunnerWorker.run(SuiteRunnerWorker.java:84)
at org.testng.TestNG.runSuitesSequentially(TestNG.java:1208)
at org.testng.TestNG.runSuitesLocally(TestNG.java:1137)
at org.testng.TestNG.runSuites(TestNG.java:1049)
at org.testng.TestNG.run(TestNG.java:1017)
at org.testng.remote.AbstractRemoteTestNG.run(AbstractRemoteTestNG.java:114)
at org.testng.remote.RemoteTestNG.initAndRun(RemoteTestNG.java:251)
at org.testng.remote.RemoteTestNG.main(RemoteTestNG.java:77)
]]>
            </full-stacktrace>
          </exception> <!-- java.lang.AssertionError -->
          <reporter-output>
            <line>
              <![CDATA[element is present]]>
            </line>
            <line>
              <![CDATA[element is not present]]>
            </line>
          </reporter-output>
        </test-method> <!-- action -->
        <test-method status="PASS" signature="closeapp()[pri:0, instance:script.Facebook_tc10@631330c]" name="closeapp" is-config="true" duration-ms="2572" started-at="2018-06-25T07:59:32Z" finished-at="2018-06-25T07:59:34Z">
          <reporter-output>
          </reporter-output>
        </test-method> <!-- closeapp -->
      </class> <!-- script.Facebook_tc10 -->
      <class name="script.Facebook_tc7">
        <test-method status="PASS" signature="openapp()[pri:0, instance:script.Facebook_tc7@42f93a98]" name="openapp" is-config="true" duration-ms="11189" started-at="2018-06-25T07:59:34Z" finished-at="2018-06-25T07:59:45Z">
          <reporter-output>
          </reporter-output>
        </test-method> <!-- openapp -->
        <test-method status="PASS" signature="action()[pri:0, instance:script.Facebook_tc7@42f93a98]" name="action" duration-ms="24887" started-at="2018-06-25T07:59:45Z" finished-at="2018-06-25T08:00:10Z">
          <reporter-output>
            <line>
              <![CDATA[element is present]]>
            </line>
            <line>
              <![CDATA[element is present]]>
            </line>
            <line>
              <![CDATA[element is present]]>
            </line>
          </reporter-output>
        </test-method> <!-- action -->
        <test-method status="PASS" signature="closeapp()[pri:0, instance:script.Facebook_tc7@42f93a98]" name="closeapp" is-config="true" duration-ms="2538" started-at="2018-06-25T08:00:10Z" finished-at="2018-06-25T08:00:13Z">
          <reporter-output>
          </reporter-output>
        </test-method> <!-- closeapp -->
      </class> <!-- script.Facebook_tc7 -->
      <class name="script.Facebook_tc9">
        <test-method status="PASS" signature="openapp()[pri:0, instance:script.Facebook_tc9@c46bcd4]" name="openapp" is-config="true" duration-ms="10164" started-at="2018-06-25T08:00:13Z" finished-at="2018-06-25T08:00:23Z">
          <reporter-output>
          </reporter-output>
        </test-method> <!-- openapp -->
        <test-method status="PASS" signature="action()[pri:0, instance:script.Facebook_tc9@c46bcd4]" name="action" duration-ms="25629" started-at="2018-06-25T08:00:23Z" finished-at="2018-06-25T08:00:49Z">
          <reporter-output>
            <line>
              <![CDATA[element is present]]>
            </line>
            <line>
              <![CDATA[element is present]]>
            </line>
            <line>
              <![CDATA[element is present]]>
            </line>
            <line>
              <![CDATA[element is present]]>
            </line>
          </reporter-output>
        </test-method> <!-- action -->
        <test-method status="PASS" signature="closeapp()[pri:0, instance:script.Facebook_tc9@c46bcd4]" name="closeapp" is-config="true" duration-ms="2614" started-at="2018-06-25T08:00:49Z" finished-at="2018-06-25T08:00:51Z">
          <reporter-output>
          </reporter-output>
        </test-method> <!-- closeapp -->
      </class> <!-- script.Facebook_tc9 -->
    </test> <!-- Default test -->
  </suite> <!-- Default suite -->
</testng-results>
